<?xml version="1.0" encoding="UTF-8"?>
<!-- Generated by org.testng.reporters.JUnitReportReporter -->
<testsuite skipped="0" hostname="LAPTOP-AU5JLEOO" name="firstApiTrail.GetTc1" tests="2" failures="0" timestamp="2022-08-15T00:16:28 IST" time="5.911" errors="0">
  <testcase name="getTc_1" time="3.802" classname="firstApiTrail.GetTc1"/>
  <system-out/>
  <testcase name="getTc_2" time="2.109" classname="firstApiTrail.GetTc1"/>
  <system-out/>
</testsuite> <!-- firstApiTrail.GetTc1 -->
