<?xml version="1.0" encoding="UTF-8"?>
<!-- Generated by org.testng.reporters.JUnitReportReporter -->
<testsuite skipped="0" hostname="LAPTOP-AU5JLEOO" name="firstApiTrail.RealApiMethodWorkExa1" tests="1" failures="0" timestamp="2022-08-17T02:17:46 IST" time="3.792" errors="0">
  <testcase name="CreateNewProduct" time="3.792" classname="firstApiTrail.RealApiMethodWorkExa1"/>
  <system-out/>
</testsuite> <!-- firstApiTrail.RealApiMethodWorkExa1 -->
